# JRE version: OpenJDK Runtime Environment Microsoft-8035246 (17.0.8+7) (build 17.0.8+7-LTS)
# Java VM: OpenJDK 64-Bit Server VM Microsoft-8035246 (17.0.8+7-LTS, mixed mode, sharing, tiered, compressed oops, compressed class ptrs, g1 gc, windows-amd64)
GC Precious Log:
 CPUs: 8 total, 8 available
 Memory: 7990M
 Large Page Support: Disabled
 NUMA Support: Disabled
 Compressed Oops: Enabled (32-bit)
 Heap Region Size: 1M
 Heap Min Capacity: 8M
 Heap Initial Capacity: 126M
 Heap Max Capacity: 2G
 Pre-touch: Disabled
 Parallel Workers: 8
 Concurrent Workers: 2
 Concurrent Refinement Workers: 8
 Periodic GC: Disabled
Heap:
 garbage-first heap   total 227328K, used 186644K [0x0000000080000000, 0x0000000100000000)
  region size 1024K, 14 young (14336K), 4 survivors (4096K)
 Metaspace       used 98770K, committed 100032K, reserved 557056K
  class space    used 13934K, committed 14464K, reserved 425984K
GC Heap History (20 events):
Event: 115.971 GC heap before
{Heap before GC invocations=77 (full 0):
 garbage-first heap   total 227328K, used 145408K [0x0000000080000000, 0x0000000100000000)
  region size 1024K, 11 young (11264K), 4 survivors (4096K)
 Metaspace       used 91083K, committed 92224K, reserved 557056K
  class space    used 12893K, committed 13440K, reserved 425984K
}
Event: 115.976 GC heap after
{Heap after GC invocations=78 (full 0):
 garbage-first heap   total 227328K, used 139999K [0x0000000080000000, 0x0000000100000000)
  region size 1024K, 2 young (2048K), 2 survivors (2048K)
 Metaspace       used 91083K, committed 92224K, reserved 557056K
  class space    used 12893K, committed 13440K, reserved 425984K
}
Event: 117.309 GC heap before
{Heap before GC invocations=78 (full 0):
 garbage-first heap   total 227328K, used 177887K [0x0000000080000000, 0x0000000100000000)
  region size 1024K, 39 young (39936K), 2 survivors (2048K)
 Metaspace       used 92492K, committed 93696K, reserved 557056K
  class space    used 13100K, committed 13632K, reserved 425984K
}
Event: 117.316 GC heap after
{Heap after GC invocations=79 (full 0):
 garbage-first heap   total 227328K, used 144384K [0x0000000080000000, 0x0000000100000000)
  region size 1024K, 5 young (5120K), 5 survivors (5120K)
 Metaspace       used 92492K, committed 93696K, reserved 557056K
  class space    used 13100K, committed 13632K, reserved 425984K
}
Event: 118.901 GC heap before
{Heap before GC invocations=79 (full 0):
 garbage-first heap   total 227328K, used 181248K [0x0000000080000000, 0x0000000100000000)
  region size 1024K, 41 young (41984K), 5 survivors (5120K)
 Metaspace       used 94472K, committed 95680K, reserved 557056K
  class space    used 13378K, committed 13888K, reserved 425984K
}
Event: 118.912 GC heap after
{Heap after GC invocations=80 (full 0):
 garbage-first heap   total 227328K, used 145997K [0x0000000080000000, 0x0000000100000000)
  region size 1024K, 2 young (2048K), 2 survivors (2048K)
 Metaspace       used 94472K, committed 95680K, reserved 557056K
  class space    used 13378K, committed 13888K, reserved 425984K
}
Event: 120.129 GC heap before
{Heap before GC invocations=80 (full 0):
 garbage-first heap   total 227328K, used 184909K [0x0000000080000000, 0x0000000100000000)
  region size 1024K, 40 young (40960K), 2 survivors (2048K)
 Metaspace       used 96377K, committed 97472K, reserved 557056K
  class space    used 13643K, committed 14144K, reserved 425984K
}
Event: 120.136 GC heap after
{Heap after GC invocations=81 (full 0):
 garbage-first heap   total 227328K, used 147734K [0x0000000080000000, 0x0000000100000000)
  region size 1024K, 4 young (4096K), 4 survivors (4096K)
 Metaspace       used 96377K, committed 97472K, reserved 557056K
  class space    used 13643K, committed 14144K, reserved 425984K
}
Event: 121.012 GC heap before
{Heap before GC invocations=81 (full 0):
 garbage-first heap   total 227328K, used 186646K [0x0000000080000000, 0x0000000100000000)
  region size 1024K, 42 young (43008K), 4 survivors (4096K)
 Metaspace       used 97864K, committed 99072K, reserved 557056K
  class space    used 13831K, committed 14400K, reserved 425984K
}
Event: 121.020 GC heap after
{Heap after GC invocations=82 (full 0):
 garbage-first heap   total 227328K, used 151307K [0x0000000080000000, 0x0000000100000000)
  region size 1024K, 6 young (6144K), 6 survivors (6144K)
 Metaspace       used 97864K, committed 99072K, reserved 557056K
  class space    used 13831K, committed 14400K, reserved 425984K
}
Event: 121.604 GC heap before
{Heap before GC invocations=82 (full 0):
 garbage-first heap   total 227328K, used 188171K [0x0000000080000000, 0x0000000100000000)
  region size 1024K, 42 young (43008K), 6 survivors (6144K)
 Metaspace       used 98076K, committed 99328K, reserved 557056K
  class space    used 13854K, committed 14400K, reserved 425984K
}
Event: 121.622 GC heap after
{Heap after GC invocations=83 (full 0):
 garbage-first heap   total 227328K, used 157409K [0x0000000080000000, 0x0000000100000000)
  region size 1024K, 6 young (6144K), 6 survivors (6144K)
 Metaspace       used 98076K, committed 99328K, reserved 557056K
  class space    used 13854K, committed 14400K, reserved 425984K
}
Event: 122.078 GC heap before
{Heap before GC invocations=83 (full 0):
 garbage-first heap   total 227328K, used 190177K [0x0000000080000000, 0x0000000100000000)
  region size 1024K, 38 young (38912K), 6 survivors (6144K)
 Metaspace       used 98108K, committed 99328K, reserved 557056K
  class space    used 13858K, committed 14400K, reserved 425984K
}
Event: 122.092 GC heap after
{Heap after GC invocations=84 (full 0):
 garbage-first heap   total 227328K, used 163949K [0x0000000080000000, 0x0000000100000000)
  region size 1024K, 5 young (5120K), 5 survivors (5120K)
 Metaspace       used 98108K, committed 99328K, reserved 557056K
  class space    used 13858K, committed 14400K, reserved 425984K
}
Event: 122.623 GC heap before
{Heap before GC invocations=84 (full 0):
 garbage-first heap   total 227328K, used 191597K [0x0000000080000000, 0x0000000100000000)
  region size 1024K, 31 young (31744K), 5 survivors (5120K)
 Metaspace       used 98268K, committed 99520K, reserved 557056K
  class space    used 13874K, committed 14400K, reserved 425984K
}
Event: 122.630 GC heap after
{Heap after GC invocations=85 (full 0):
 garbage-first heap   total 227328K, used 168318K [0x0000000080000000, 0x0000000100000000)
  region size 1024K, 4 young (4096K), 4 survivors (4096K)
 Metaspace       used 98268K, committed 99520K, reserved 557056K
  class space    used 13874K, committed 14400K, reserved 425984K
}
Event: 123.398 GC heap before
{Heap before GC invocations=85 (full 0):
 garbage-first heap   total 227328K, used 192894K [0x0000000080000000, 0x0000000100000000)
  region size 1024K, 28 young (28672K), 4 survivors (4096K)
 Metaspace       used 98463K, committed 99712K, reserved 557056K
  class space    used 13898K, committed 14464K, reserved 425984K
}
Event: 123.406 GC heap after
{Heap after GC invocations=86 (full 0):
 garbage-first heap   total 227328K, used 170849K [0x0000000080000000, 0x0000000100000000)
  region size 1024K, 3 young (3072K), 3 survivors (3072K)
 Metaspace       used 98463K, committed 99712K, reserved 557056K
  class space    used 13898K, committed 14464K, reserved 425984K
}
Event: 129.640 GC heap before
{Heap before GC invocations=86 (full 0):
 garbage-first heap   total 227328K, used 193377K [0x0000000080000000, 0x0000000100000000)
  region size 1024K, 25 young (25600K), 3 survivors (3072K)
 Metaspace       used 98612K, committed 99904K, reserved 557056K
  class space    used 13919K, committed 14464K, reserved 425984K
}
Event: 129.645 GC heap after
{Heap after GC invocations=87 (full 0):
 garbage-first heap   total 227328K, used 177428K [0x0000000080000000, 0x0000000100000000)
  region size 1024K, 4 young (4096K), 4 survivors (4096K)
 Metaspace       used 98612K, committed 99904K, reserved 557056K
  class space    used 13919K, committed 14464K, reserved 425984K
}

